<?xml version="1.0" encoding="UTF-8"?>
<!-- Generated by org.testng.reporters.JUnitReportReporter -->
<testsuite hostname="DESKTOP-89C6F2A" failures="0" tests="5" name="testClass.AccountRegistration" time="21.710" errors="0" timestamp="2023-11-12T18:26:59 EST" skipped="0">
  <testcase classname="testClass.AccountRegistration" name="UserReg" time="4.682"/>
  <system-out/>
  <testcase classname="testClass.AccountRegistration" name="shoppingcontinue" time="4.626"/>
  <system-out/>
  <testcase classname="testClass.AccountRegistration" name="shoppingcartcheckout" time="3.441"/>
  <system-out/>
  <testcase classname="testClass.AccountRegistration" name="paymentcheckout" time="7.031"/>
  <system-out/>
  <testcase classname="testClass.AccountRegistration" name="ordernumandlogout" time="1.930"/>
  <system-out/>
</testsuite> <!-- testClass.AccountRegistration -->
