<?xml version="1.0" encoding="UTF-8"?>
<!-- Generated by org.testng.reporters.JUnitReportReporter -->
<testsuite hostname="DESKTOP-89C6F2A" failures="0" tests="4" name="testClass.LoginDataDrivenTesting" time="9.490" errors="0" timestamp="2023-11-13T13:43:36 EST" skipped="0">
  <testcase classname="testClass.LoginDataDrivenTesting" name="logindatadriven" time="1.700"/>
  <system-out/>
  <testcase classname="testClass.LoginDataDrivenTesting" name="logindatadriven" time="2.779"/>
  <system-out/>
  <testcase classname="testClass.LoginDataDrivenTesting" name="logindatadriven" time="3.288"/>
  <system-out/>
  <testcase classname="testClass.LoginDataDrivenTesting" name="logindatadriven" time="1.723"/>
  <system-out/>
</testsuite> <!-- testClass.LoginDataDrivenTesting -->
