<?xml version="1.0" encoding="UTF-8"?>
<!-- Generated by org.testng.reporters.JUnitReportReporter -->
<testsuite hostname="DESKTOP-89C6F2A" failures="0" tests="1" name="testClass.Loginuser" time="3.341" errors="0" timestamp="2023-11-17T22:04:33 EST" skipped="0">
  <testcase classname="testClass.Loginuser" name="loginuser" time="3.341"/>
  <system-out/>
</testsuite> <!-- testClass.Loginuser -->
