<?xml version="1.0" encoding="UTF-8"?>
<!-- Generated by org.testng.reporters.JUnitReportReporter -->
<testsuite hostname="DESKTOP-89C6F2A" failures="0" tests="5" name="testClass.AccountRegistration" time="15.218" errors="0" timestamp="18 Nov 2023 21:28:48 GMT" skipped="0">
  <testcase classname="testClass.AccountRegistration" name="UserReg" time="2.118"/>
  <testcase classname="testClass.AccountRegistration" name="shoppingcontinue" time="3.475"/>
  <testcase classname="testClass.AccountRegistration" name="shoppingcartcheckout" time="2.693"/>
  <testcase classname="testClass.AccountRegistration" name="paymentcheckout" time="5.990"/>
  <testcase classname="testClass.AccountRegistration" name="ordernumandlogout" time="0.942"/>
</testsuite> <!-- testClass.AccountRegistration -->
