<?xml version="1.0" encoding="UTF-8"?>
<!-- Generated by org.testng.reporters.JUnitReportReporter -->
<testsuite hostname="DESKTOP-89C6F2A" failures="0" tests="1" name="testClass.Loginuser" time="2.583" errors="0" timestamp="18 Nov 2023 21:28:48 GMT" skipped="0">
  <testcase classname="testClass.Loginuser" name="loginuser" time="2.583"/>
</testsuite> <!-- testClass.Loginuser -->
