<?xml version="1.0" encoding="UTF-8"?>
<!-- Generated by org.testng.reporters.JUnitReportReporter -->
<testsuite hostname="DESKTOP-89C6F2A" failures="0" tests="5" name="testClass.AccountRegistration" time="16.890" errors="0" timestamp="19 Nov 2023 20:48:46 GMT" skipped="0">
  <testcase classname="testClass.AccountRegistration" name="UserReg" time="2.098"/>
  <testcase classname="testClass.AccountRegistration" name="shoppingcontinue" time="3.529"/>
  <testcase classname="testClass.AccountRegistration" name="shoppingcartcheckout" time="2.836"/>
  <testcase classname="testClass.AccountRegistration" name="paymentcheckout" time="6.233"/>
  <testcase classname="testClass.AccountRegistration" name="ordernumandlogout" time="2.194"/>
</testsuite> <!-- testClass.AccountRegistration -->
