<?xml version="1.0" encoding="UTF-8"?>
<!-- Generated by org.testng.reporters.JUnitReportReporter -->
<testsuite hostname="DESKTOP-89C6F2A" failures="0" tests="5" name="testClass.AccountRegistration" time="16.925" errors="0" timestamp="14 Nov 2023 00:07:44 GMT" skipped="0">
  <testcase classname="testClass.AccountRegistration" name="UserReg" time="3.004"/>
  <testcase classname="testClass.AccountRegistration" name="shoppingcontinue" time="3.709"/>
  <testcase classname="testClass.AccountRegistration" name="shoppingcartcheckout" time="2.707"/>
  <testcase classname="testClass.AccountRegistration" name="paymentcheckout" time="6.557"/>
  <testcase classname="testClass.AccountRegistration" name="ordernumandlogout" time="0.948"/>
</testsuite> <!-- testClass.AccountRegistration -->
