<?xml version="1.0" encoding="UTF-8"?>
<!-- Generated by org.testng.reporters.JUnitReportReporter -->
<testsuite hostname="DESKTOP-89C6F2A" failures="0" tests="1" name="testClass.Loginuser" time="2.378" errors="0" timestamp="19 Nov 2023 20:48:46 GMT" skipped="0">
  <testcase classname="testClass.Loginuser" name="loginuser" time="2.378"/>
</testsuite> <!-- testClass.Loginuser -->
