<?xml version="1.0" encoding="UTF-8"?>
<!-- Generated by org.testng.reporters.JUnitReportReporter -->
<testsuite hostname="DESKTOP-89C6F2A" failures="0" tests="1" name="testClass.Loginuser" time="2.408" errors="0" timestamp="13 Nov 2023 23:18:20 GMT" skipped="0">
  <testcase classname="testClass.Loginuser" name="loginuser" time="2.408"/>
</testsuite> <!-- testClass.Loginuser -->
